[debug] [2021-01-26T04:54:49.102Z] ----------------------------------------------------------------------
[debug] [2021-01-26T04:54:49.104Z] Command:       C:\Program Files\nodejs\node.exe C:\Users\User\AppData\Roaming\npm\node_modules\firebase-tools\lib\bin\firebase.js init
[debug] [2021-01-26T04:54:49.105Z] CLI Version:   9.2.2
[debug] [2021-01-26T04:54:49.105Z] Platform:      win32
[debug] [2021-01-26T04:54:49.105Z] Node Version:  v12.18.3
[debug] [2021-01-26T04:54:49.106Z] Time:          Mon Jan 25 2021 23:54:49 GMT-0500 (GMT-05:00)
[debug] [2021-01-26T04:54:49.106Z] ----------------------------------------------------------------------
[debug] [2021-01-26T04:54:49.106Z] 
[debug] [2021-01-26T04:54:49.112Z] > command requires scopes: ["email","openid","https://www.googleapis.com/auth/cloudplatformprojects.readonly","https://www.googleapis.com/auth/firebase","https://www.googleapis.com/auth/cloud-platform"]
[debug] [2021-01-26T04:54:49.112Z] > authorizing via signed-in user
[info] 
     ######## #### ########  ######## ########     ###     ######  ########
     ##        ##  ##     ## ##       ##     ##  ##   ##  ##       ##
     ######    ##  ########  ######   ########  #########  ######  ######
     ##        ##  ##    ##  ##       ##     ## ##     ##       ## ##
     ##       #### ##     ## ######## ########  ##     ##  ######  ########

You're about to initialize a Firebase project in this directory:

  C:\programacion\reacts\SanAntonio

Before we get started, keep in mind:

  * You are currently outside your home directory

